<?xml version="1.0" encoding="UTF-8"?>
<!-- Generated by org.testng.reporters.JUnitXMLReporter -->
<testsuite ignored="0" hostname="DESKTOP-1I6KDGS" failures="0" tests="10" name="Test" time="21.637" errors="0" timestamp="2024-08-31T18:53:38 IST">
  <testcase classname="com.main.tests.PageFactoryLoginPageTest" name="loginTest" time="1.933"/>
  <testcase classname="com.main.tests.PageFactoryLoginPageTest" name="loginTest" time="0.8"/>
  <testcase classname="com.main.tests.PageFactoryLoginPageTest" name="loginTest" time="0.75"/>
  <testcase classname="com.main.tests.PageFactoryLoginPageTest" name="openregisterpage" time="0.51"/>
  <testcase classname="com.main.tests.PageFactoryLoginPageTest" name="Gettitle" time="0.026"/>
  <testcase classname="com.main.tests.PageFactoryLoginPageTest" name="PrintLinks" time="0.035"/>
  <testcase classname="com.main.tests.RegisterPageTest" name="newregistertest" time="1.577"/>
  <testcase classname="com.main.tests.RegisterPageTest" name="setuser" time="0.418"/>
  <testcase classname="com.main.tests.RegisterPageTest" name="URLtest" time="0.02"/>
  <testcase classname="com.main.tests.RegisterPageTest" name="Titletest" time="0.014"/>
</testsuite> <!-- Test -->
