<?xml version="1.0" encoding="UTF-8"?>
<!-- Generated by org.testng.reporters.JUnitXMLReporter -->
<testsuite ignored="0" hostname="DESKTOP-1I6KDGS" failures="0" tests="10" name="Test" time="23.227" errors="0" timestamp="2024-08-31T17:17:10 IST">
  <testcase classname="com.main.tests.PageFactoryLoginPageTest" name="loginTest" time="1.932"/>
  <testcase classname="com.main.tests.PageFactoryLoginPageTest" name="loginTest" time="1.691"/>
  <testcase classname="com.main.tests.PageFactoryLoginPageTest" name="loginTest" time="0.75"/>
  <testcase classname="com.main.tests.PageFactoryLoginPageTest" name="openregisterpage" time="0.54"/>
  <testcase classname="com.main.tests.PageFactoryLoginPageTest" name="Gettitle" time="0.019"/>
  <testcase classname="com.main.tests.PageFactoryLoginPageTest" name="PrintLinks" time="0.031"/>
  <testcase classname="com.main.tests.RegisterPageTest" name="newregistertest" time="1.61"/>
  <testcase classname="com.main.tests.RegisterPageTest" name="setuser" time="0.415"/>
  <testcase classname="com.main.tests.RegisterPageTest" name="URLtest" time="0.019"/>
  <testcase classname="com.main.tests.RegisterPageTest" name="Titletest" time="0.013"/>
</testsuite> <!-- Test -->
