<?xml version="1.0" encoding="UTF-8"?>
<testng-results ignored="0" total="10" passed="10" failed="0" skipped="0">
  <reporter-output>
  </reporter-output>
  <suite started-at="2024-08-31T18:53:16 IST" name="Suite" finished-at="2024-08-31T18:53:38 IST" duration-ms="21637">
    <groups>
    </groups>
    <test started-at="2024-08-31T18:53:16 IST" name="Test" finished-at="2024-08-31T18:53:38 IST" duration-ms="21637">
      <class name="com.main.tests.RegisterPageTest">
        <test-method is-config="true" signature="setup()[pri:0, instance:com.main.tests.RegisterPageTest@81d9a72]" started-at="2024-08-31T18:53:29 IST" name="setup" finished-at="2024-08-31T18:53:33 IST" duration-ms="4107" status="PASS">
          <reporter-output>
          </reporter-output>
        </test-method> <!-- setup -->
        <test-method signature="newregistertest()[pri:0, instance:com.main.tests.RegisterPageTest@81d9a72]" started-at="2024-08-31T18:53:33 IST" name="newregistertest" finished-at="2024-08-31T18:53:35 IST" duration-ms="1577" status="PASS">
          <reporter-output>
          </reporter-output>
        </test-method> <!-- newregistertest -->
        <test-method signature="setuser()[pri:1, instance:com.main.tests.RegisterPageTest@81d9a72]" started-at="2024-08-31T18:53:35 IST" name="setuser" finished-at="2024-08-31T18:53:35 IST" duration-ms="418" status="PASS">
          <reporter-output>
          </reporter-output>
        </test-method> <!-- setuser -->
        <test-method signature="URLtest()[pri:2, instance:com.main.tests.RegisterPageTest@81d9a72]" started-at="2024-08-31T18:53:35 IST" name="URLtest" finished-at="2024-08-31T18:53:35 IST" duration-ms="20" status="PASS">
          <reporter-output>
          </reporter-output>
        </test-method> <!-- URLtest -->
        <test-method signature="Titletest()[pri:3, instance:com.main.tests.RegisterPageTest@81d9a72]" started-at="2024-08-31T18:53:35 IST" name="Titletest" finished-at="2024-08-31T18:53:35 IST" depends-on-methods="com.main.tests.RegisterPageTest.URLtest" duration-ms="14" status="PASS">
          <reporter-output>
          </reporter-output>
        </test-method> <!-- Titletest -->
        <test-method is-config="true" signature="teardown()[pri:0, instance:com.main.tests.RegisterPageTest@81d9a72]" started-at="2024-08-31T18:53:35 IST" name="teardown" finished-at="2024-08-31T18:53:38 IST" duration-ms="2244" status="PASS">
          <reporter-output>
          </reporter-output>
        </test-method> <!-- teardown -->
      </class> <!-- com.main.tests.RegisterPageTest -->
      <class name="com.main.tests.PageFactoryLoginPageTest">
        <test-method is-config="true" signature="setup()[pri:0, instance:com.main.tests.PageFactoryLoginPageTest@1cf56a1c]" started-at="2024-08-31T18:53:16 IST" name="setup" finished-at="2024-08-31T18:53:23 IST" duration-ms="6212" status="PASS">
          <reporter-output>
          </reporter-output>
        </test-method> <!-- setup -->
        <test-method signature="loginTest(java.lang.String,java.lang.String)[pri:0, instance:com.main.tests.PageFactoryLoginPageTest@1cf56a1c]" started-at="2024-08-31T18:53:23 IST" name="loginTest" data-provider="testdata" finished-at="2024-08-31T18:53:25 IST" duration-ms="1933" status="PASS">
          <params>
            <param index="0">
              <value>
                <![CDATA[Admin]]>
              </value>
            </param>
            <param index="1">
              <value>
                <![CDATA[Manager]]>
              </value>
            </param>
          </params>
          <reporter-output>
          </reporter-output>
        </test-method> <!-- loginTest -->
        <test-method signature="loginTest(java.lang.String,java.lang.String)[pri:0, instance:com.main.tests.PageFactoryLoginPageTest@1cf56a1c]" started-at="2024-08-31T18:53:25 IST" name="loginTest" data-provider="testdata" finished-at="2024-08-31T18:53:25 IST" duration-ms="800" status="PASS">
          <params>
            <param index="0">
              <value>
                <![CDATA[admin]]>
              </value>
            </param>
            <param index="1">
              <value>
                <![CDATA[manager]]>
              </value>
            </param>
          </params>
          <reporter-output>
          </reporter-output>
        </test-method> <!-- loginTest -->
        <test-method signature="loginTest(java.lang.String,java.lang.String)[pri:0, instance:com.main.tests.PageFactoryLoginPageTest@1cf56a1c]" started-at="2024-08-31T18:53:26 IST" name="loginTest" data-provider="testdata" finished-at="2024-08-31T18:53:26 IST" duration-ms="750" status="PASS">
          <params>
            <param index="0">
              <value>
                <![CDATA[emp1]]>
              </value>
            </param>
            <param index="1">
              <value>
                <![CDATA[emp]]>
              </value>
            </param>
          </params>
          <reporter-output>
          </reporter-output>
        </test-method> <!-- loginTest -->
        <test-method signature="openregisterpage()[pri:1, instance:com.main.tests.PageFactoryLoginPageTest@1cf56a1c]" started-at="2024-08-31T18:53:26 IST" name="openregisterpage" finished-at="2024-08-31T18:53:27 IST" duration-ms="510" status="PASS">
          <reporter-output>
          </reporter-output>
        </test-method> <!-- openregisterpage -->
        <test-method signature="Gettitle()[pri:2, instance:com.main.tests.PageFactoryLoginPageTest@1cf56a1c]" started-at="2024-08-31T18:53:27 IST" name="Gettitle" finished-at="2024-08-31T18:53:27 IST" duration-ms="26" status="PASS">
          <reporter-output>
          </reporter-output>
        </test-method> <!-- Gettitle -->
        <test-method signature="PrintLinks()[pri:3, instance:com.main.tests.PageFactoryLoginPageTest@1cf56a1c]" started-at="2024-08-31T18:53:27 IST" name="PrintLinks" finished-at="2024-08-31T18:53:27 IST" duration-ms="35" status="PASS">
          <reporter-output>
          </reporter-output>
        </test-method> <!-- PrintLinks -->
        <test-method is-config="true" signature="teardown()[pri:0, instance:com.main.tests.PageFactoryLoginPageTest@1cf56a1c]" started-at="2024-08-31T18:53:27 IST" name="teardown" finished-at="2024-08-31T18:53:29 IST" duration-ms="2246" status="PASS">
          <reporter-output>
          </reporter-output>
        </test-method> <!-- teardown -->
      </class> <!-- com.main.tests.PageFactoryLoginPageTest -->
    </test> <!-- Test -->
  </suite> <!-- Suite -->
</testng-results>
