<?xml version="1.0" encoding="UTF-8"?>
<!-- Generated by org.testng.reporters.JUnitXMLReporter -->
<testsuite ignored="0" hostname="DESKTOP-1I6KDGS" failures="0" tests="5" name="Default test" time="13.016" errors="0" timestamp="2024-08-28T00:19:06 IST">
  <testcase classname="com.main.tests.PageFactoryLoginPageTest" name="loginTest" time="1.075"/>
  <testcase classname="com.main.tests.PageFactoryLoginPageTest" name="loginTest" time="0.783"/>
  <testcase classname="com.main.tests.PageFactoryLoginPageTest" name="loginTest" time="0.735"/>
  <testcase classname="com.main.tests.PageFactoryLoginPageTest" name="openregisterpage" time="0.467"/>
  <testcase classname="com.main.tests.PageFactoryLoginPageTest" name="PrintLinks" time="0.033"/>
</testsuite> <!-- Default test -->
